2026-03-13 00:04:06 | INFO     | [APP_START] ExamShield launched with admin privileges
2026-03-13 00:04:10 | INFO     | [ADMIN_LOGIN] Session started for: admin
2026-03-13 00:04:44 | INFO     | [KEYBOARD_HOOKS] Hooks activated
2026-03-13 00:04:44 | WARNING  | [SECURITY:BLOCKED] [SUSPICIOUS_PROCESS] Terminated: pwsh.exe
2026-03-13 00:04:44 | WARNING  | [SECURITY:BLOCKED] [SUSPICIOUS_PROCESS] Terminated: pwsh.exe
2026-03-13 00:04:44 | WARNING  | [SECURITY:BLOCKED] [SUSPICIOUS_PROCESS] Terminated: pwsh.exe
2026-03-13 00:04:47 | WARNING  | [SECURITY:BLOCKED] [BLOCKED_KEY] Blocked: win+d
2026-03-13 00:04:48 | WARNING  | [SECURITY:BLOCKED] [BLOCKED_KEY] Blocked: win+d
2026-03-13 00:04:48 | WARNING  | [SECURITY:BLOCKED] [BLOCKED_KEY] Blocked: win+d
2026-03-13 00:04:48 | WARNING  | [SECURITY:BLOCKED] [BLOCKED_KEY] Blocked: win+d
2026-03-13 00:04:48 | WARNING  | [SECURITY:BLOCKED] [BLOCKED_KEY] Blocked: win+d
2026-03-13 00:04:49 | WARNING  | [SECURITY:BLOCKED] [BLOCKED_KEY] Blocked: win+d
2026-03-13 00:04:49 | WARNING  | [SECURITY:BLOCKED] [BLOCKED_KEY] Blocked: win+d
2026-03-13 00:04:50 | WARNING  | [SECURITY:BLOCKED] [BLOCKED_KEY] Blocked: alt+f4
2026-03-13 00:04:50 | WARNING  | [SECURITY:BLOCKED] [BLOCKED_KEY] Blocked: alt+f4
2026-03-13 00:04:51 | WARNING  | [SECURITY:BLOCKED] [BLOCKED_KEY] Blocked: alt+f4
2026-03-13 00:04:51 | WARNING  | [SECURITY:BLOCKED] [BLOCKED_KEY] Blocked: alt+f4
2026-03-13 00:04:51 | WARNING  | [SECURITY:BLOCKED] [BLOCKED_KEY] Blocked: alt+f4
2026-03-13 00:04:53 | WARNING  | [SECURITY:BLOCKED] [BLOCKED_KEY] Blocked: ctrl+shift+esc
2026-03-13 00:04:53 | WARNING  | [SECURITY:BLOCKED] [BLOCKED_KEY] Blocked: ctrl+shift+esc
2026-03-13 00:04:53 | WARNING  | [SECURITY:BLOCKED] [BLOCKED_KEY] Blocked: ctrl+shift+esc
2026-03-13 00:04:54 | WARNING  | [SECURITY:BLOCKED] [BLOCKED_KEY] Blocked: ctrl+shift+esc
2026-03-13 00:05:01 | WARNING  | [SECURITY:BLOCKED] [BLOCKED_KEY] Blocked: alt+tab
2026-03-13 00:05:01 | WARNING  | [SECURITY:BLOCKED] [BLOCKED_KEY] Blocked: alt+tab
2026-03-13 00:05:06 | WARNING  | [SECURITY:BLOCKED] [BLOCKED_KEY] Blocked: alt+tab
2026-03-13 00:05:07 | WARNING  | [SECURITY:BLOCKED] [BLOCKED_KEY] Blocked: alt+tab
2026-03-13 00:05:07 | WARNING  | [SECURITY:BLOCKED] [BLOCKED_KEY] Blocked: alt+tab
2026-03-13 00:05:07 | WARNING  | [SECURITY:BLOCKED] [BLOCKED_KEY] Blocked: alt+tab
2026-03-13 00:05:08 | WARNING  | [SECURITY:BLOCKED] [BLOCKED_KEY] Blocked: win+tab
2026-03-13 00:05:08 | WARNING  | [SECURITY:BLOCKED] [BLOCKED_KEY] Blocked: win+tab
2026-03-13 00:05:08 | WARNING  | [SECURITY:BLOCKED] [BLOCKED_KEY] Blocked: win+tab
2026-03-13 00:05:09 | INFO     | [NET_BLOCK_START] Internet blocking activated
2026-03-13 00:05:09 | INFO     | [EXAM_MODE_START] Active modules: keyboard, internet, processes
2026-03-13 00:05:09 | WARNING  | [SECURITY:BLOCKED] [BLOCKED_KEY] Blocked: win+tab
2026-03-13 00:05:22 | WARNING  | [SECURITY:BLOCKED] [BLOCKED_KEY] Blocked: alt+tab
2026-03-13 00:05:22 | WARNING  | [SECURITY:BLOCKED] [BLOCKED_KEY] Blocked: alt+tab
2026-03-13 00:05:23 | WARNING  | [SECURITY:BLOCKED] [BLOCKED_KEY] Blocked: alt+tab
2026-03-13 00:05:26 | WARNING  | [SECURITY:BLOCKED] [BLOCKED_KEY] Blocked: alt+tab
2026-03-13 00:06:17 | WARNING  | [SECURITY:BLOCKED] [BLOCKED_KEY] Blocked: ctrl+shift+esc
2026-03-13 00:06:19 | WARNING  | [SECURITY:BLOCKED] [BLOCKED_KEY] Blocked: ctrl+shift+esc
2026-03-13 00:06:19 | WARNING  | [SECURITY:BLOCKED] [BLOCKED_KEY] Blocked: ctrl+shift+esc
2026-03-13 00:06:19 | WARNING  | [SECURITY:BLOCKED] [BLOCKED_KEY] Blocked: ctrl+shift+esc
2026-03-13 00:06:31 | WARNING  | [SECURITY:BLOCKED] [BLOCKED_KEY] Blocked: ctrl+shift+esc
2026-03-13 00:06:33 | WARNING  | [SECURITY:BLOCKED] [BLOCKED_KEY] Blocked: ctrl+shift+esc
2026-03-13 00:06:34 | WARNING  | [SECURITY:BLOCKED] [BLOCKED_KEY] Blocked: win+d
2026-03-13 00:06:35 | WARNING  | [SECURITY:BLOCKED] [BLOCKED_KEY] Blocked: win+d
2026-03-13 00:06:35 | WARNING  | [SECURITY:BLOCKED] [BLOCKED_KEY] Blocked: win+d
2026-03-13 00:06:36 | WARNING  | [SECURITY:BLOCKED] [BLOCKED_KEY] Blocked: win+d
2026-03-13 00:06:36 | WARNING  | [SECURITY:BLOCKED] [BLOCKED_KEY] Blocked: win+d
2026-03-13 00:06:37 | WARNING  | [SECURITY:BLOCKED] [BLOCKED_KEY] Blocked: win+d
2026-03-13 00:07:45 | INFO     | [KEYBOARD_HOOKS] Hooks removed
2026-03-13 00:07:46 | INFO     | [NET_BLOCK_STOP] Internet access restored
2026-03-13 00:07:46 | INFO     | [EXAM_MODE_STOP] All restrictions removed
